<?xml version="1.0" encoding="UTF-8"?>
<!-- Generated by org.testng.reporters.JUnitReportReporter -->
<testsuite hostname="LAPTOP-NT62VGN0" failures="0" tests="5" name="com.guru99.qa.testcases.AddNewCustomerTest" time="55.581" errors="0" timestamp="2023-05-22T08:24:28 EDT" skipped="0">
  <testcase classname="com.guru99.qa.testcases.AddNewCustomerTest" name="verifyaddnewcustomerlable" time="12.389"/>
  <system-out/>
  <testcase classname="com.guru99.qa.testcases.AddNewCustomerTest" name="validateAddnewCustomer" time="9.485"/>
  <system-out/>
  <testcase classname="com.guru99.qa.testcases.AddNewCustomerTest" name="validateAddnewCustomer" time="12.296"/>
  <system-out/>
  <testcase classname="com.guru99.qa.testcases.AddNewCustomerTest" name="validateAddnewCustomer" time="12.904"/>
  <system-out/>
  <testcase classname="com.guru99.qa.testcases.AddNewCustomerTest" name="validateAddnewCustomer" time="8.507"/>
  <system-out/>
</testsuite> <!-- com.guru99.qa.testcases.AddNewCustomerTest -->
