<?xml version="1.0" encoding="UTF-8"?>
<!-- Generated by org.testng.reporters.JUnitReportReporter -->
<testsuite hostname="LAPTOP-NT62VGN0" failures="0" tests="3" name="com.guru99.qa.testcases.LoginPageTest" time="40.857" errors="0" timestamp="2023-05-22T08:24:28 EDT" skipped="0">
  <testcase classname="com.guru99.qa.testcases.LoginPageTest" name="loginPageTitleTest" time="11.416"/>
  <system-out/>
  <testcase classname="com.guru99.qa.testcases.LoginPageTest" name="Guru99LogImageTest" time="15.098"/>
  <system-out/>
  <testcase classname="com.guru99.qa.testcases.LoginPageTest" name="loginTest" time="14.343"/>
  <system-out/>
</testsuite> <!-- com.guru99.qa.testcases.LoginPageTest -->
