<?xml version="1.0" encoding="UTF-8"?>
<!-- Generated by org.testng.reporters.JUnitReportReporter -->
<testsuite hostname="LAPTOP-NT62VGN0" failures="0" tests="4" name="com.guru99.qa.testcases.HomePageTest" time="50.598" errors="0" timestamp="2023-05-22T08:24:28 EDT" skipped="0">
  <testcase classname="com.guru99.qa.testcases.HomePageTest" name="verifyHomePageTitleTest" time="13.411"/>
  <system-out/>
  <testcase classname="com.guru99.qa.testcases.HomePageTest" name="verifyGuru99SiteLogoTest" time="9.341"/>
  <system-out/>
  <testcase classname="com.guru99.qa.testcases.HomePageTest" name="verifyTest" time="14.164"/>
  <system-out/>
  <testcase classname="com.guru99.qa.testcases.HomePageTest" name="verifyAddCustomerTest" time="13.682"/>
  <system-out/>
</testsuite> <!-- com.guru99.qa.testcases.HomePageTest -->
